<?xml version="1.0" encoding="UTF-8"?>
<testsuite xmlns:xsi="http://www.w3.org/2001/XMLSchema-instance" xsi:noNamespaceSchemaLocation="https://maven.apache.org/surefire/maven-surefire-plugin/xsd/surefire-test-report.xsd" version="3.0.1" name="br.ufrn.batalharpg.PersonagemTest" time="0.229" tests="48" errors="0" skipped="0" failures="0">
  <properties>
[...]
</properties>
  <testcase name="carregarTestesDoCSV" classname="br.ufrn.batalharpg.PersonagemTest" time="0.026"/>
  <testcase name="carregarTestesDoCSV" classname="br.ufrn.batalharpg.PersonagemTest" time="0.001"/>
  <testcase name="carregarTestesDoCSV" classname="br.ufrn.batalharpg.PersonagemTest" time="0.001"/>
  <testcase name="carregarTestesDoCSV" classname="br.ufrn.batalharpg.PersonagemTest" time="0.003"/>
  <testcase name="carregarTestesDoCSV" classname="br.ufrn.batalharpg.PersonagemTest" time="0.0"/>
  <testcase name="carregarTestesDoCSV" classname="br.ufrn.batalharpg.PersonagemTest" time="0.003"/>
  <testcase name="carregarTestesDoCSV" classname="br.ufrn.batalharpg.PersonagemTest" time="0.001"/>
  <testcase name="carregarTestesDoCSV" classname="br.ufrn.batalharpg.PersonagemTest" time="0.001"/>
  <testcase name="carregarTestesDoCSV" classname="br.ufrn.batalharpg.PersonagemTest" time="0.002"/>
  <testcase name="carregarTestesDoCSV" classname="br.ufrn.batalharpg.PersonagemTest" time="0.002"/>
  <testcase name="carregarTestesDoCSV" classname="br.ufrn.batalharpg.PersonagemTest" time="0.002"/>
  <testcase name="carregarTestesDoCSV" classname="br.ufrn.batalharpg.PersonagemTest" time="0.002"/>
  <testcase name="carregarTestesDoCSV" classname="br.ufrn.batalharpg.PersonagemTest" time="0.002"/>
  <testcase name="carregarTestesDoCSV" classname="br.ufrn.batalharpg.PersonagemTest" time="0.001"/>
  <testcase name="carregarTestesDoCSV" classname="br.ufrn.batalharpg.PersonagemTest" time="0.001"/>
  <testcase name="carregarTestesDoCSV" classname="br.ufrn.batalharpg.PersonagemTest" time="0.0"/>
  <testcase name="carregarTestesDoCSV" classname="br.ufrn.batalharpg.PersonagemTest" time="0.001"/>
  <testcase name="carregarTestesDoCSV" classname="br.ufrn.batalharpg.PersonagemTest" time="0.001"/>
  <testcase name="carregarTestesDoCSV" classname="br.ufrn.batalharpg.PersonagemTest" time="0.001"/>
  <testcase name="carregarTestesDoCSV" classname="br.ufrn.batalharpg.PersonagemTest" time="0.0"/>
  <testcase name="carregarTestesDoCSV" classname="br.ufrn.batalharpg.PersonagemTest" time="0.002"/>
  <testcase name="carregarTestesDoCSV" classname="br.ufrn.batalharpg.PersonagemTest" time="0.002"/>
  <testcase name="carregarTestesDoCSV" classname="br.ufrn.batalharpg.PersonagemTest" time="0.001"/>
  <testcase name="carregarTestesDoCSV" classname="br.ufrn.batalharpg.PersonagemTest" time="0.002"/>
  <testcase name="carregarTestesDoCSV" classname="br.ufrn.batalharpg.PersonagemTest" time="0.001"/>
  <testcase name="carregarTestesDoCSV" classname="br.ufrn.batalharpg.PersonagemTest" time="0.0"/>
  <testcase name="carregarTestesDoCSV" classname="br.ufrn.batalharpg.PersonagemTest" time="0.0"/>
  <testcase name="carregarTestesDoCSV" classname="br.ufrn.batalharpg.PersonagemTest" time="0.0"/>
  <testcase name="carregarTestesDoCSV" classname="br.ufrn.batalharpg.PersonagemTest" time="0.0"/>
  <testcase name="carregarTestesDoCSV" classname="br.ufrn.batalharpg.PersonagemTest" time="0.0"/>
  <testcase name="carregarTestesDoCSV" classname="br.ufrn.batalharpg.PersonagemTest" time="0.001"/>
  <testcase name="carregarTestesDoCSV" classname="br.ufrn.batalharpg.PersonagemTest" time="0.001"/>
  <testcase name="carregarTestesDoCSV" classname="br.ufrn.batalharpg.PersonagemTest" time="0.001"/>
  <testcase name="carregarTestesDoCSV" classname="br.ufrn.batalharpg.PersonagemTest" time="0.001"/>
  <testcase name="carregarTestesDoCSV" classname="br.ufrn.batalharpg.PersonagemTest" time="0.0"/>
  <testcase name="carregarTestesDoCSV" classname="br.ufrn.batalharpg.PersonagemTest" time="0.001"/>
  <testcase name="carregarTestesDoCSV" classname="br.ufrn.batalharpg.PersonagemTest" time="0.002"/>
  <testcase name="carregarTestesDoCSV" classname="br.ufrn.batalharpg.PersonagemTest" time="0.001"/>
  <testcase name="carregarTestesDoCSV" classname="br.ufrn.batalharpg.PersonagemTest" time="0.001"/>
  <testcase name="carregarTestesDoCSV" classname="br.ufrn.batalharpg.PersonagemTest" time="0.001"/>
  <testcase name="carregarTestesDoCSV" classname="br.ufrn.batalharpg.PersonagemTest" time="0.001"/>
  <testcase name="carregarTestesDoCSV" classname="br.ufrn.batalharpg.PersonagemTest" time="0.001"/>
  <testcase name="carregarTestesDoCSV" classname="br.ufrn.batalharpg.PersonagemTest" time="0.001"/>
  <testcase name="carregarTestesDoCSV" classname="br.ufrn.batalharpg.PersonagemTest" time="0.0"/>
  <testcase name="carregarTestesDoCSV" classname="br.ufrn.batalharpg.PersonagemTest" time="0.0"/>
  <testcase name="carregarTestesDoCSV" classname="br.ufrn.batalharpg.PersonagemTest" time="0.0"/>
  <testcase name="carregarTestesDoCSV" classname="br.ufrn.batalharpg.PersonagemTest" time="0.001"/>
  <testcase name="carregarTestesDoCSV" classname="br.ufrn.batalharpg.PersonagemTest" time="0.0"/>
</testsuite>